{"uid":"520ae9cf0a5902f0","name":"Broken test - runtime error","fullName":"FailureExamplesTestSuite.testBrokenTest","historyId":"3c1231904e5097a8","time":{"start":1764105319562,"stop":1764105319562,"duration":0},"status":"failed","statusMessage":"C++ exception with description \"RuntimeException: Test infrastructure is broken\" thrown in the test body.\n","statusTrace":"unknown file\nC++ exception with description \"RuntimeException: Test infrastructure is broken\" thrown in the test body.\n","flaky":false,"newFailed":false,"newBroken":false,"newPassed":false,"retriesCount":0,"retriesStatusChange":false,"beforeStages":[],"testStage":{"status":"failed","statusMessage":"C++ exception with description \"RuntimeException: Test infrastructure is broken\" thrown in the test body.\n","statusTrace":"unknown file\nC++ exception with description \"RuntimeException: Test infrastructure is broken\" thrown in the test body.\n","steps":[{"name":"Action: Access invalid pointer","time":{"start":1764105319562,"stop":0,"duration":-1764105319562},"status":"unknown","steps":[],"attachments":[],"parameters":[],"stepsCount":0,"shouldDisplayMessage":false,"attachmentsCount":0,"hasContent":false,"attachmentStep":false}],"attachments":[],"parameters":[],"stepsCount":1,"shouldDisplayMessage":true,"attachmentsCount":0,"hasContent":true,"attachmentStep":false},"afterStages":[],"labels":[{"name":"suite","value":"FailureExamplesTestSuite"},{"name":"package","value":"FailureExamplesTestSuite"},{"name":"framework","value":"googletest"},{"name":"language","value":"cpp"},{"name":"severity","value":"normal"},{"name":"host","value":"de7e4d50-b622-48f6-a4a3-a2d4a3ec8bb1.fritz.box"},{"name":"thread","value":"0x207a820c0"},{"name":"resultFormat","value":"allure2"}],"parameters":[],"links":[],"hidden":false,"retry":false,"extra":{"severity":"normal","retries":[],"categories":[{"name":"Product defects","matchedStatuses":["failed"]}],"history":{"statistic":{"failed":2,"broken":0,"skipped":0,"passed":0,"unknown":0,"total":2},"items":[{"uid":"513065aa3689d3d6","status":"failed","statusDetails":"C++ exception with description \"RuntimeException: Test infrastructure is broken\" thrown in the test body.\n","time":{"start":1764105311820,"stop":1764105311820,"duration":0}}]},"tags":[]},"source":"520ae9cf0a5902f0.json","parameterValues":[]}