{"uid":"c4613d73db960b13","name":"Broken test - runtime error","fullName":"FailureExamplesTestSuite.testBrokenTest","historyId":"3c1231904e5097a8","time":{"start":1764191891535,"stop":1764191891535,"duration":0},"status":"failed","statusMessage":"C++ exception with description \"RuntimeException: Test infrastructure is broken\" thrown in the test body.\n","statusTrace":"unknown file\nC++ exception with description \"RuntimeException: Test infrastructure is broken\" thrown in the test body.\n","flaky":false,"newFailed":false,"newBroken":false,"newPassed":false,"retriesCount":0,"retriesStatusChange":false,"beforeStages":[],"testStage":{"status":"failed","statusMessage":"C++ exception with description \"RuntimeException: Test infrastructure is broken\" thrown in the test body.\n","statusTrace":"unknown file\nC++ exception with description \"RuntimeException: Test infrastructure is broken\" thrown in the test body.\n","steps":[{"name":"Action: Access invalid pointer","time":{"start":1764191891535,"stop":1764191891535,"duration":0},"status":"passed","steps":[],"attachments":[],"parameters":[],"stepsCount":0,"shouldDisplayMessage":false,"attachmentsCount":0,"hasContent":false,"attachmentStep":false}],"attachments":[],"parameters":[],"stepsCount":1,"shouldDisplayMessage":true,"attachmentsCount":0,"hasContent":true,"attachmentStep":false},"afterStages":[],"labels":[{"name":"suite","value":"FailureExamplesTestSuite"},{"name":"package","value":"FailureExamplesTestSuite"},{"name":"framework","value":"googletest"},{"name":"language","value":"cpp"},{"name":"severity","value":"normal"},{"name":"host","value":"9d6d1510-824b-4d19-ad12-1ec35f6356e5.fritz.box"},{"name":"thread","value":"0x207a820c0"},{"name":"resultFormat","value":"allure2"}],"parameters":[],"links":[],"hidden":false,"retry":false,"extra":{"severity":"normal","retries":[],"categories":[{"name":"Product defects","matchedStatuses":["failed"]}],"history":{"statistic":{"failed":2,"broken":0,"skipped":0,"passed":0,"unknown":0,"total":2},"items":[{"uid":"f33d1ccd931d2268","status":"failed","statusDetails":"C++ exception with description \"RuntimeException: Test infrastructure is broken\" thrown in the test body.\n","time":{"start":1764191882837,"stop":1764191882837,"duration":0}}]},"tags":[]},"source":"c4613d73db960b13.json","parameterValues":[]}