{"fullName":"FailureExamplesTestSuite.testBrokenTest","historyId":"3c1231904e5097a8","labels":[{"name":"suite","value":"FailureExamplesTestSuite"},{"name":"package","value":"FailureExamplesTestSuite"},{"name":"framework","value":"googletest"},{"name":"language","value":"cpp"},{"name":"severity","value":"normal"},{"name":"host","value":"de7e4d50-b622-48f6-a4a3-a2d4a3ec8bb1.fritz.box"},{"name":"thread","value":"0x207a820c0"}],"name":"Broken test - runtime error","stage":"finished","start":1764068194567,"status":"failed","statusDetails":{"message":"C++ exception with description \"RuntimeException: Test infrastructure is broken\" thrown in the test body.\n","trace":"unknown file\nC++ exception with description \"RuntimeException: Test infrastructure is broken\" thrown in the test body.\n"},"steps":[{"name":"Action: Access invalid pointer","stage":"running","start":1764068194567,"status":"unknown","stop":0}],"stop":1764068194568,"testCaseId":"06897bed-4208-7df8-d24a-fe5fddccb017","uuid":"06897bed-4208-7df8-d24a-fe5fddccb017"}